2010-Sep-22 17:01:03 Запуск теста: Путь к корню сайта (check_docroot)
2010-Sep-22 17:01:03 Тест отработал: Путь к корню сайта (check_docroot)
OK
2010-Sep-22 17:01:03 Запуск теста: Работа с сокетами (check_socket)
2010-Sep-22 17:01:03 Тест отработал: Работа с сокетами (check_socket)
OK
2010-Sep-22 17:01:03 Запуск теста: Загрузка файла (check_upload)
2010-Sep-22 17:01:03 Тест отработал: Загрузка файла (check_upload)
OK
2010-Sep-22 17:01:04 Запуск теста: Отправка почты (check_mail)
2010-Sep-22 17:01:04 Тест отработал: Отправка почты (check_mail)
Fail
2010-Sep-22 17:01:09 Запуск теста: Отправка почтового сообщения больше 64Кб (check_mail_big)
2010-Sep-22 17:01:09 Тест отработал: Отправка почтового сообщения больше 64Кб (check_mail_big)
Fail
2010-Sep-22 17:01:09 Запуск теста: Проверка на наличие неотправленных сообщений (check_mail_b_event)
2010-Sep-22 17:01:09 Тест отработал: Проверка на наличие неотправленных сообщений (check_mail_b_event)
Есть ошибки при отправке системных почтовых сообщений, число неотправленных сообщений: 9
2010-Sep-22 17:01:09 Запуск теста: Внутреннее перенаправление (функция LocalRedirect) (check_localredirect)
2010-Sep-22 17:01:09 Тест отработал: Внутреннее перенаправление (функция LocalRedirect) (check_localredirect)
50% выполнено, промежуточное значение: http://192.168.110.98:80/bitrix/admin/site_checker.php?redirect_test=Y&done=Y&unique_id=6791d480a412ee7857f9290174d23a57
OK
2010-Sep-22 17:01:09 Продложение теста: Внутреннее перенаправление (функция LocalRedirect) (check_localredirect)
2010-Sep-22 17:01:09 Тест отработал: Внутреннее перенаправление (функция LocalRedirect) (check_localredirect)
OK
2010-Sep-22 17:01:09 Запуск теста: Фактическое ограничение памяти (check_memory_limit)
2010-Sep-22 17:01:09 Тест отработал: Фактическое ограничение памяти (check_memory_limit)
14% выполнено, промежуточное значение: a:3:{i:0;i:6;i:1;i:12;i:2;i:2;}
OK
2010-Sep-22 17:01:09 Продложение теста: Фактическое ограничение памяти (check_memory_limit)
2010-Sep-22 17:01:09 Тест отработал: Фактическое ограничение памяти (check_memory_limit)
28% выполнено, промежуточное значение: a:3:{i:0;i:12;i:1;i:24;i:2;i:3;}
OK
2010-Sep-22 17:01:09 Продложение теста: Фактическое ограничение памяти (check_memory_limit)
2010-Sep-22 17:01:21 Тест отработал: Фактическое ограничение памяти (check_memory_limit)
42% выполнено, промежуточное значение: a:3:{i:0;i:24;i:1;i:48;i:2;i:4;}
OK
2010-Sep-22 17:01:21 Продложение теста: Фактическое ограничение памяти (check_memory_limit)
2010-Sep-22 17:02:01 Тест отработал: Фактическое ограничение памяти (check_memory_limit)
57% выполнено, промежуточное значение: a:3:{i:0;i:48;i:1;i:96;i:2;i:5;}
OK
2010-Sep-22 17:02:02 Продложение теста: Фактическое ограничение памяти (check_memory_limit)
2010-Sep-22 17:04:33 Тест отработал: Фактическое ограничение памяти (check_memory_limit)
71% выполнено, промежуточное значение: a:3:{i:0;i:48;i:1;d:72;i:2;i:6;}
OK
2010-Sep-22 17:04:33 Продложение теста: Фактическое ограничение памяти (check_memory_limit)
2010-Sep-22 17:04:34 Тест отработал: Фактическое ограничение памяти (check_memory_limit)
85% выполнено, промежуточное значение: a:3:{i:0;d:72;i:1;d:144;i:2;i:7;}
OK
2010-Sep-22 17:04:34 Продложение теста: Фактическое ограничение памяти (check_memory_limit)
2010-Sep-22 17:06:35 Тест отработал: Фактическое ограничение памяти (check_memory_limit)
Не менее 72 М
2010-Sep-22 17:06:36 Запуск теста: Сохранение сессии (check_session)
2010-Sep-22 17:06:36 Тест отработал: Сохранение сессии (check_session)
50% выполнено, промежуточное значение: Y
OK
2010-Sep-22 17:06:37 Продложение теста: Сохранение сессии (check_session)
2010-Sep-22 17:06:37 Тест отработал: Сохранение сессии (check_session)
OK
2010-Sep-22 17:06:37 Запуск теста: Сохранение сессии без UserAgent (check_session_ua)
2010-Sep-22 17:06:37 Тест отработал: Сохранение сессии без UserAgent (check_session_ua)
50% выполнено, промежуточное значение: PHPSESSID=q8tffgm0hs9hte6umsquue6ra4
OK
2010-Sep-22 17:06:37 Продложение теста: Сохранение сессии без UserAgent (check_session_ua)
2010-Sep-22 17:06:37 Тест отработал: Сохранение сессии без UserAgent (check_session_ua)
OK
2010-Sep-22 17:06:37 Запуск теста: Работа с файлами кеша (check_cache)
2010-Sep-22 17:06:37 Тест отработал: Работа с файлами кеша (check_cache)
OK
2010-Sep-22 17:06:37 Запуск теста: Доступ к серверу обновлений (check_update)
2010-Sep-22 17:06:39 Тест отработал: Доступ к серверу обновлений (check_update)
OK
2010-Sep-22 17:06:39 Запуск теста: HTTP авторизация (check_http_auth)
2010-Sep-22 17:06:39 Тест отработал: HTTP авторизация (check_http_auth)
OK
2010-Sep-22 17:06:39 Запуск теста: Создание и запуск файла (check_exec)
2010-Sep-22 17:06:39 Тест отработал: Создание и запуск файла (check_exec)
OK
2010-Sep-22 17:06:39 Запуск теста: Модуль suhosin отключен (check_suhosin)
2010-Sep-22 17:06:39 Тест отработал: Модуль suhosin отключен (check_suhosin)
OK
2010-Sep-22 17:06:39 Запуск теста: Модуль Apache mod_security отключен (check_security)
2010-Sep-22 17:06:39 Тест отработал: Модуль Apache mod_security отключен (check_security)
OK
2010-Sep-22 17:06:39 Запуск теста: Разделитель дробной части (check_divider)
2010-Sep-22 17:06:39 Тест отработал: Разделитель дробной части (check_divider)
OK
2010-Sep-22 17:06:39 Запуск теста: Параметры wincache (check_wincache)
2010-Sep-22 17:06:39 Тест отработал: Параметры wincache (check_wincache)
OK
2010-Sep-22 17:06:39 Запуск теста: Версия MySQL сервера (check_mysql_bug_version)
2010-Sep-22 17:06:39 Тест отработал: Версия MySQL сервера (check_mysql_bug_version)
OK
2010-Sep-22 17:06:39 Запуск теста: Время на БД и веб сервере (check_mysql_time)
2010-Sep-22 17:06:39 Тест отработал: Время на БД и веб сервере (check_mysql_time)
OK
2010-Sep-22 17:06:40 Запуск теста: Режим работы MySQL (check_mysql_mode)
2010-Sep-22 17:06:40 Тест отработал: Режим работы MySQL (check_mysql_mode)
OK
2010-Sep-22 17:06:40 Запуск теста: Значение auto_increment в MySQL (check_mysql_increment)
2010-Sep-22 17:06:41 Тест отработал: Значение auto_increment в MySQL (check_mysql_increment)
OK
2010-Sep-22 17:06:41 Запуск теста: Кодировки таблиц в БД (check_mysql_table_charset)
2010-Sep-22 17:06:41 Тест отработал: Кодировки таблиц в БД (check_mysql_table_charset)
OK
2010-Sep-22 17:06:42 Запуск теста: Статус таблиц (check_mysql_table_status)
2010-Sep-22 17:06:52 Тест отработал: Статус таблиц (check_mysql_table_status)
0% выполнено, промежуточное значение: b_search_content
Сравнение (Collation) для таблицы &quot;b_agent&quot; (utf8_unicode_ci) отличается от значения для базы (utf8_general_ci)
Сравнение (Collation) для таблицы &quot;b_captcha&quot; (utf8_unicode_ci) отличается от значения для базы (utf8_general_ci)
Сравнение (Collation) для таблицы &quot;b_catalog_currency&quot; (utf8_unicode_ci) отличается от значения для базы (utf8_general_ci)
Сравнение (Collation) для таблицы &quot;b_catalog_currency_lang&quot; (utf8_unicode_ci) отличается от значения для базы (utf8_general_ci)
Сравнение (Collation) для таблицы &quot;b_catalog_currency_rate&quot; (utf8_unicode_ci) отличается от значения для базы (utf8_general_ci)
Сравнение (Collation) для таблицы &quot;b_catalog_discount&quot; (utf8_unicode_ci) отличается от значения для базы (utf8_general_ci)
Сравнение (Collation) для таблицы &quot;b_catalog_discount2cat&quot; (utf8_unicode_ci) отличается от значения для базы (utf8_general_ci)
Сравнение (Collation) для таблицы &quot;b_catalog_discount2group&quot; (utf8_unicode_ci) отличается от значения для базы (utf8_general_ci)
Сравнение (Collation) для таблицы &quot;b_catalog_discount2product&quot; (utf8_unicode_ci) отличается от значения для базы (utf8_general_ci)
Сравнение (Collation) для таблицы &quot;b_catalog_discount2section&quot; (utf8_unicode_ci) отличается от значения для базы (utf8_general_ci)
Сравнение (Collation) для таблицы &quot;b_catalog_discount_coupon&quot; (utf8_unicode_ci) отличается от значения для базы (utf8_general_ci)
Сравнение (Collation) для таблицы &quot;b_catalog_export&quot; (utf8_unicode_ci) отличается от значения для базы (utf8_general_ci)
Сравнение (Collation) для таблицы &quot;b_catalog_extra&quot; (utf8_unicode_ci) отличается от значения для базы (utf8_general_ci)
Сравнение (Collation) для таблицы &quot;b_catalog_group&quot; (utf8_unicode_ci) отличается от значения для базы (utf8_general_ci)
Сравнение (Collation) для таблицы &quot;b_catalog_group2group&quot; (utf8_unicode_ci) отличается от значения для базы (utf8_general_ci)
Сравнение (Collation) для таблицы &quot;b_catalog_group_lang&quot; (utf8_unicode_ci) отличается от значения для базы (utf8_general_ci)
Сравнение (Collation) для таблицы &quot;b_catalog_iblock&quot; (utf8_unicode_ci) отличается от значения для базы (utf8_general_ci)
Сравнение (Collation) для таблицы &quot;b_catalog_load&quot; (utf8_unicode_ci) отличается от значения для базы (utf8_general_ci)
Сравнение (Collation) для таблицы &quot;b_catalog_price&quot; (utf8_unicode_ci) отличается от значения для базы (utf8_general_ci)
Сравнение (Collation) для таблицы &quot;b_catalog_product&quot; (utf8_unicode_ci) отличается от значения для базы (utf8_general_ci)
Сравнение (Collation) для таблицы &quot;b_catalog_product2group&quot; (utf8_unicode_ci) отличается от значения для базы (utf8_general_ci)
Сравнение (Collation) для таблицы &quot;b_catalog_vat&quot; (utf8_unicode_ci) отличается от значения для базы (utf8_general_ci)
Сравнение (Collation) для таблицы &quot;b_event&quot; (utf8_unicode_ci) отличается от значения для базы (utf8_general_ci)
Сравнение (Collation) для таблицы &quot;b_event_log&quot; (utf8_unicode_ci) отличается от значения для базы (utf8_general_ci)
Сравнение (Collation) для таблицы &quot;b_event_message&quot; (utf8_unicode_ci) отличается от значения для базы (utf8_general_ci)
Сравнение (Collation) для таблицы &quot;b_event_message_site&quot; (utf8_unicode_ci) отличается от значения для базы (utf8_general_ci)
Сравнение (Collation) для таблицы &quot;b_event_type&quot; (utf8_unicode_ci) отличается от значения для базы (utf8_general_ci)
Сравнение (Collation) для таблицы &quot;b_favorite&quot; (utf8_unicode_ci) отличается от значения для базы (utf8_general_ci)
Сравнение (Collation) для таблицы &quot;b_file&quot; (utf8_unicode_ci) отличается от значения для базы (utf8_general_ci)
Сравнение (Collation) для таблицы &quot;b_file_search&quot; (utf8_unicode_ci) отличается от значения для базы (utf8_general_ci)
Сравнение (Collation) для таблицы &quot;b_forum&quot; (utf8_unicode_ci) отличается от значения для базы (utf8_general_ci)
Сравнение (Collation) для таблицы &quot;b_forum2site&quot; (utf8_unicode_ci) отличается от значения для базы (utf8_general_ci)
Сравнение (Collation) для таблицы &quot;b_forum_dictionary&quot; (utf8_unicode_ci) отличается от значения для базы (utf8_general_ci)
Сравнение (Collation) для таблицы &quot;b_forum_email&quot; (utf8_unicode_ci) отличается от значения для базы (utf8_general_ci)
Сравнение (Collation) для таблицы &quot;b_forum_file&quot; (utf8_unicode_ci) отличается от значения для базы (utf8_general_ci)
Сравнение (Collation) для таблицы &quot;b_forum_filter&quot; (utf8_unicode_ci) отличается от значения для базы (utf8_general_ci)
Сравнение (Collation) для таблицы &quot;b_forum_group&quot; (utf8_unicode_ci) отличается от значения для базы (utf8_general_ci)
Сравнение (Collation) для таблицы &quot;b_forum_group_lang&quot; (utf8_unicode_ci) отличается от значения для базы (utf8_general_ci)
Сравнение (Collation) для таблицы &quot;b_forum_letter&quot; (utf8_unicode_ci) отличается от значения для базы (utf8_general_ci)
Сравнение (Collation) для таблицы &quot;b_forum_message&quot; (utf8_unicode_ci) отличается от значения для базы (utf8_general_ci)
Сравнение (Collation) для таблицы &quot;b_forum_perms&quot; (utf8_unicode_ci) отличается от значения для базы (utf8_general_ci)
Сравнение (Collation) для таблицы &quot;b_forum_pm_folder&quot; (utf8_unicode_ci) отличается от значения для базы (utf8_general_ci)
Сравнение (Collation) для таблицы &quot;b_forum_points&quot; (utf8_unicode_ci) отличается от значения для базы (utf8_general_ci)
Сравнение (Collation) для таблицы &quot;b_forum_points2post&quot; (utf8_unicode_ci) отличается от значения для базы (utf8_general_ci)
Сравнение (Collation) для таблицы &quot;b_forum_points_lang&quot; (utf8_unicode_ci) отличается от значения для базы (utf8_general_ci)
Сравнение (Collation) для таблицы &quot;b_forum_private_message&quot; (utf8_unicode_ci) отличается от значения для базы (utf8_general_ci)
Сравнение (Collation) для таблицы &quot;b_forum_rank&quot; (utf8_unicode_ci) отличается от значения для базы (utf8_general_ci)
Сравнение (Collation) для таблицы &quot;b_forum_rank_lang&quot; (utf8_unicode_ci) отличается от значения для базы (utf8_general_ci)
Сравнение (Collation) для таблицы &quot;b_forum_smile&quot; (utf8_unicode_ci) отличается от значения для базы (utf8_general_ci)
Сравнение (Collation) для таблицы &quot;b_forum_smile_lang&quot; (utf8_unicode_ci) отличается от значения для базы (utf8_general_ci)
Сравнение (Collation) для таблицы &quot;b_forum_stat&quot; (utf8_unicode_ci) отличается от значения для базы (utf8_general_ci)
Сравнение (Collation) для таблицы &quot;b_forum_subscribe&quot; (utf8_unicode_ci) отличается от значения для базы (utf8_general_ci)
Сравнение (Collation) для таблицы &quot;b_forum_topic&quot; (utf8_unicode_ci) отличается от значения для базы (utf8_general_ci)
Сравнение (Collation) для таблицы &quot;b_forum_user&quot; (utf8_unicode_ci) отличается от значения для базы (utf8_general_ci)
Сравнение (Collation) для таблицы &quot;b_forum_user_forum&quot; (utf8_unicode_ci) отличается от значения для базы (utf8_general_ci)
Сравнение (Collation) для таблицы &quot;b_forum_user_points&quot; (utf8_unicode_ci) отличается от значения для базы (utf8_general_ci)
Сравнение (Collation) для таблицы &quot;b_forum_user_topic&quot; (utf8_unicode_ci) отличается от значения для базы (utf8_general_ci)
Сравнение (Collation) для таблицы &quot;b_group&quot; (utf8_unicode_ci) отличается от значения для базы (utf8_general_ci)
Сравнение (Collation) для таблицы &quot;b_group_collection_task&quot; (utf8_unicode_ci) отличается от значения для базы (utf8_general_ci)
Сравнение (Collation) для таблицы &quot;b_group_subordinate&quot; (utf8_unicode_ci) отличается от значения для базы (utf8_general_ci)
Сравнение (Collation) для таблицы &quot;b_group_task&quot; (utf8_unicode_ci) отличается от значения для базы (utf8_general_ci)
Сравнение (Collation) для таблицы &quot;b_iblock&quot; (utf8_unicode_ci) отличается от значения для базы (utf8_general_ci)
Сравнение (Collation) для таблицы &quot;b_iblock_cache&quot; (utf8_unicode_ci) отличается от значения для базы (utf8_general_ci)
Сравнение (Collation) для таблицы &quot;b_iblock_element&quot; (utf8_unicode_ci) отличается от значения для базы (utf8_general_ci)
Сравнение (Collation) для таблицы &quot;b_iblock_element_lock&quot; (utf8_unicode_ci) отличается от значения для базы (utf8_general_ci)
Сравнение (Collation) для таблицы &quot;b_iblock_element_property&quot; (utf8_unicode_ci) отличается от значения для базы (utf8_general_ci)
Сравнение (Collation) для таблицы &quot;b_iblock_fields&quot; (utf8_unicode_ci) отличается от значения для базы (utf8_general_ci)
Сравнение (Collation) для таблицы &quot;b_iblock_group&quot; (utf8_unicode_ci) отличается от значения для базы (utf8_general_ci)
Сравнение (Collation) для таблицы &quot;b_iblock_messages&quot; (utf8_unicode_ci) отличается от значения для базы (utf8_general_ci)
Сравнение (Collation) для таблицы &quot;b_iblock_property&quot; (utf8_unicode_ci) отличается от значения для базы (utf8_general_ci)
Сравнение (Collation) для таблицы &quot;b_iblock_property_enum&quot; (utf8_unicode_ci) отличается от значения для базы (utf8_general_ci)
Сравнение (Collation) для таблицы &quot;b_iblock_rss&quot; (utf8_unicode_ci) отличается от значения для базы (utf8_general_ci)
Сравнение (Collation) для таблицы &quot;b_iblock_section&quot; (utf8_unicode_ci) отличается от значения для базы (utf8_general_ci)
Сравнение (Collation) для таблицы &quot;b_iblock_section_element&quot; (utf8_unicode_ci) отличается от значения для базы (utf8_general_ci)
Сравнение (Collation) для таблицы &quot;b_iblock_sequence&quot; (utf8_unicode_ci) отличается от значения для базы (utf8_general_ci)
Сравнение (Collation) для таблицы &quot;b_iblock_site&quot; (utf8_unicode_ci) отличается от значения для базы (utf8_general_ci)
Сравнение (Collation) для таблицы &quot;b_iblock_type&quot; (utf8_unicode_ci) отличается от значения для базы (utf8_general_ci)
Сравнение (Collation) для таблицы &quot;b_iblock_type_lang&quot; (utf8_unicode_ci) отличается от значения для базы (utf8_general_ci)
Сравнение (Collation) для таблицы &quot;b_lang&quot; (utf8_unicode_ci) отличается от значения для базы (utf8_general_ci)
Сравнение (Collation) для таблицы &quot;b_lang_domain&quot; (utf8_unicode_ci) отличается от значения для базы (utf8_general_ci)
Сравнение (Collation) для таблицы &quot;b_language&quot; (utf8_unicode_ci) отличается от значения для базы (utf8_general_ci)
Сравнение (Collation) для таблицы &quot;b_list_rubric&quot; (utf8_unicode_ci) отличается от значения для базы (utf8_general_ci)
Сравнение (Collation) для таблицы &quot;b_medialib_collection&quot; (utf8_unicode_ci) отличается от значения для базы (utf8_general_ci)
Сравнение (Collation) для таблицы &quot;b_medialib_collection_item&quot; (utf8_unicode_ci) отличается от значения для базы (utf8_general_ci)
Сравнение (Collation) для таблицы &quot;b_medialib_item&quot; (utf8_unicode_ci) отличается от значения для базы (utf8_general_ci)
Сравнение (Collation) для таблицы &quot;b_medialib_type&quot; (utf8_unicode_ci) отличается от значения для базы (utf8_general_ci)
Сравнение (Collation) для таблицы &quot;b_module&quot; (utf8_unicode_ci) отличается от значения для базы (utf8_general_ci)
Сравнение (Collation) для таблицы &quot;b_module_group&quot; (utf8_unicode_ci) отличается от значения для базы (utf8_general_ci)
Сравнение (Collation) для таблицы &quot;b_module_to_module&quot; (utf8_unicode_ci) отличается от значения для базы (utf8_general_ci)
Сравнение (Collation) для таблицы &quot;b_operation&quot; (utf8_unicode_ci) отличается от значения для базы (utf8_general_ci)
Сравнение (Collation) для таблицы &quot;b_option&quot; (utf8_unicode_ci) отличается от значения для базы (utf8_general_ci)
Сравнение (Collation) для таблицы &quot;b_perf_component&quot; (utf8_unicode_ci) отличается от значения для базы (utf8_general_ci)
Сравнение (Collation) для таблицы &quot;b_perf_error&quot; (utf8_unicode_ci) отличается от значения для базы (utf8_general_ci)
Сравнение (Collation) для таблицы &quot;b_perf_hit&quot; (utf8_unicode_ci) отличается от значения для базы (utf8_general_ci)
Сравнение (Collation) для таблицы &quot;b_perf_sql&quot; (utf8_unicode_ci) отличается от значения для базы (utf8_general_ci)
Сравнение (Collation) для таблицы &quot;b_perf_test&quot; (utf8_unicode_ci) отличается от значения для базы (utf8_general_ci)
Сравнение (Collation) для таблицы &quot;b_posting&quot; (utf8_unicode_ci) отличается от значения для базы (utf8_general_ci)
Сравнение (Collation) для таблицы &quot;b_posting_email&quot; (utf8_unicode_ci) отличается от значения для базы (utf8_general_ci)
Сравнение (Collation) для таблицы &quot;b_posting_file&quot; (utf8_unicode_ci) отличается от значения для базы (utf8_general_ci)
Сравнение (Collation) для таблицы &quot;b_posting_group&quot; (utf8_unicode_ci) отличается от значения для базы (utf8_general_ci)
Сравнение (Collation) для таблицы &quot;b_posting_rubric&quot; (utf8_unicode_ci) отличается от значения для базы (utf8_general_ci)
Сравнение (Collation) для таблицы &quot;b_sale_affiliate&quot; (utf8_unicode_ci) отличается от значения для базы (utf8_general_ci)
Сравнение (Collation) для таблицы &quot;b_sale_affiliate_plan&quot; (utf8_unicode_ci) отличается от значения для базы (utf8_general_ci)
Сравнение (Collation) для таблицы &quot;b_sale_affiliate_plan_section&quot; (utf8_unicode_ci) отличается от значения для базы (utf8_general_ci)
Сравнение (Collation) для таблицы &quot;b_sale_affiliate_tier&quot; (utf8_unicode_ci) отличается от значения для базы (utf8_general_ci)
Сравнение (Collation) для таблицы &quot;b_sale_affiliate_transact&quot; (utf8_unicode_ci) отличается от значения для базы (utf8_general_ci)
Сравнение (Collation) для таблицы &quot;b_sale_auxiliary&quot; (utf8_unicode_ci) отличается от значения для базы (utf8_general_ci)
Сравнение (Collation) для таблицы &quot;b_sale_basket&quot; (utf8_unicode_ci) отличается от значения для базы (utf8_general_ci)
Сравнение (Collation) для таблицы &quot;b_sale_basket_props&quot; (utf8_unicode_ci) отличается от значения для базы (utf8_general_ci)
Сравнение (Collation) для таблицы &quot;b_sale_delivery&quot; (utf8_unicode_ci) отличается от значения для базы (utf8_general_ci)
Сравнение (Collation) для таблицы &quot;b_sale_delivery2location&quot; (utf8_unicode_ci) отличается от значения для базы (utf8_general_ci)
Сравнение (Collation) для таблицы &quot;b_sale_delivery_handler&quot; (utf8_unicode_ci) отличается от значения для базы (utf8_general_ci)
Сравнение (Collation) для таблицы &quot;b_sale_discount&quot; (utf8_unicode_ci) отличается от значения для базы (utf8_general_ci)
Сравнение (Collation) для таблицы &quot;b_sale_export&quot; (utf8_unicode_ci) отличается от значения для базы (utf8_general_ci)
Сравнение (Collation) для таблицы &quot;b_sale_fuser&quot; (utf8_unicode_ci) отличается от значения для базы (utf8_general_ci)
Сравнение (Collation) для таблицы &quot;b_sale_lang&quot; (utf8_unicode_ci) отличается от значения для базы (utf8_general_ci)
Сравнение (Collation) для таблицы &quot;b_sale_location&quot; (utf8_unicode_ci) отличается от значения для базы (utf8_general_ci)
Сравнение (Collation) для таблицы &quot;b_sale_location2location_group&quot; (utf8_unicode_ci) отличается от значения для базы (utf8_general_ci)
Сравнение (Collation) для таблицы &quot;b_sale_location_city&quot; (utf8_unicode_ci) отличается от значения для базы (utf8_general_ci)
Сравнение (Collation) для таблицы &quot;b_sale_location_city_lang&quot; (utf8_unicode_ci) отличается от значения для базы (utf8_general_ci)
Сравнение (Collation) для таблицы &quot;b_sale_location_country&quot; (utf8_unicode_ci) отличается от значения для базы (utf8_general_ci)
Сравнение (Collation) для таблицы &quot;b_sale_location_country_lang&quot; (utf8_unicode_ci) отличается от значения для базы (utf8_general_ci)
Сравнение (Collation) для таблицы &quot;b_sale_location_group&quot; (utf8_unicode_ci) отличается от значения для базы (utf8_general_ci)
Сравнение (Collation) для таблицы &quot;b_sale_location_group_lang&quot; (utf8_unicode_ci) отличается от значения для базы (utf8_general_ci)
Сравнение (Collation) для таблицы &quot;b_sale_location_zip&quot; (utf8_unicode_ci) отличается от значения для базы (utf8_general_ci)
Сравнение (Collation) для таблицы &quot;b_sale_order&quot; (utf8_unicode_ci) отличается от значения для базы (utf8_general_ci)
Сравнение (Collation) для таблицы &quot;b_sale_order_flags2group&quot; (utf8_unicode_ci) отличается от значения для базы (utf8_general_ci)
Сравнение (Collation) для таблицы &quot;b_sale_order_props&quot; (utf8_unicode_ci) отличается от значения для базы (utf8_general_ci)
Сравнение (Collation) для таблицы &quot;b_sale_order_props_group&quot; (utf8_unicode_ci) отличается от значения для базы (utf8_general_ci)
Сравнение (Collation) для таблицы &quot;b_sale_order_props_value&quot; (utf8_unicode_ci) отличается от значения для базы (utf8_general_ci)
Сравнение (Collation) для таблицы &quot;b_sale_order_props_variant&quot; (utf8_unicode_ci) отличается от значения для базы (utf8_general_ci)
Сравнение (Collation) для таблицы &quot;b_sale_order_tax&quot; (utf8_unicode_ci) отличается от значения для базы (utf8_general_ci)
Сравнение (Collation) для таблицы &quot;b_sale_pay_system&quot; (utf8_unicode_ci) отличается от значения для базы (utf8_general_ci)
Сравнение (Collation) для таблицы &quot;b_sale_pay_system_action&quot; (utf8_unicode_ci) отличается от значения для базы (utf8_general_ci)
Сравнение (Collation) для таблицы &quot;b_sale_person_type&quot; (utf8_unicode_ci) отличается от значения для базы (utf8_general_ci)
Сравнение (Collation) для таблицы &quot;b_sale_product2product&quot; (utf8_unicode_ci) отличается от значения для базы (utf8_general_ci)
Сравнение (Collation) для таблицы &quot;b_sale_recurring&quot; (utf8_unicode_ci) отличается от значения для базы (utf8_general_ci)
Сравнение (Collation) для таблицы &quot;b_sale_site2group&quot; (utf8_unicode_ci) отличается от значения для базы (utf8_general_ci)
Сравнение (Collation) для таблицы &quot;b_sale_status&quot; (utf8_unicode_ci) отличается от значения для базы (utf8_general_ci)
Сравнение (Collation) для таблицы &quot;b_sale_status2group&quot; (utf8_unicode_ci) отличается от значения для базы (utf8_general_ci)
Сравнение (Collation) для таблицы &quot;b_sale_status_lang&quot; (utf8_unicode_ci) отличается от значения для базы (utf8_general_ci)
Сравнение (Collation) для таблицы &quot;b_sale_tax&quot; (utf8_unicode_ci) отличается от значения для базы (utf8_general_ci)
Сравнение (Collation) для таблицы &quot;b_sale_tax2location&quot; (utf8_unicode_ci) отличается от значения для базы (utf8_general_ci)
Сравнение (Collation) для таблицы &quot;b_sale_tax_exempt2group&quot; (utf8_unicode_ci) отличается от значения для базы (utf8_general_ci)
Сравнение (Collation) для таблицы &quot;b_sale_tax_rate&quot; (utf8_unicode_ci) отличается от значения для базы (utf8_general_ci)
Сравнение (Collation) для таблицы &quot;b_sale_user_account&quot; (utf8_unicode_ci) отличается от значения для базы (utf8_general_ci)
Сравнение (Collation) для таблицы &quot;b_sale_user_cards&quot; (utf8_unicode_ci) отличается от значения для базы (utf8_general_ci)
Сравнение (Collation) для таблицы &quot;b_sale_user_props&quot; (utf8_unicode_ci) отличается от значения для базы (utf8_general_ci)
Сравнение (Collation) для таблицы &quot;b_sale_user_props_value&quot; (utf8_unicode_ci) отличается от значения для базы (utf8_general_ci)
Сравнение (Collation) для таблицы &quot;b_sale_user_transact&quot; (utf8_unicode_ci) отличается от значения для базы (utf8_general_ci)
Сравнение (Collation) для таблицы &quot;b_search_content&quot; (utf8_unicode_ci) отличается от значения для базы (utf8_general_ci)

2010-Sep-22 17:06:52 Продложение теста: Статус таблиц (check_mysql_table_status)
2010-Sep-22 17:06:54 Тест отработал: Статус таблиц (check_mysql_table_status)
Сравнение (Collation) для таблицы &quot;b_search_content_freq&quot; (utf8_unicode_ci) отличается от значения для базы (utf8_general_ci)
Сравнение (Collation) для таблицы &quot;b_search_content_group&quot; (utf8_unicode_ci) отличается от значения для базы (utf8_general_ci)
Сравнение (Collation) для таблицы &quot;b_search_content_site&quot; (utf8_unicode_ci) отличается от значения для базы (utf8_general_ci)
Сравнение (Collation) для таблицы &quot;b_search_content_stem&quot; (utf8_unicode_ci) отличается от значения для базы (utf8_general_ci)
Сравнение (Collation) для таблицы &quot;b_search_custom_rank&quot; (utf8_unicode_ci) отличается от значения для базы (utf8_general_ci)
Сравнение (Collation) для таблицы &quot;b_search_phrase&quot; (utf8_unicode_ci) отличается от значения для базы (utf8_general_ci)
Сравнение (Collation) для таблицы &quot;b_search_suggest&quot; (utf8_unicode_ci) отличается от значения для базы (utf8_general_ci)
Сравнение (Collation) для таблицы &quot;b_search_tags&quot; (utf8_unicode_ci) отличается от значения для базы (utf8_general_ci)
Сравнение (Collation) для таблицы &quot;b_sec_filter_mask&quot; (utf8_unicode_ci) отличается от значения для базы (utf8_general_ci)
Сравнение (Collation) для таблицы &quot;b_sec_iprule&quot; (utf8_unicode_ci) отличается от значения для базы (utf8_general_ci)
Сравнение (Collation) для таблицы &quot;b_sec_iprule_excl_ip&quot; (utf8_unicode_ci) отличается от значения для базы (utf8_general_ci)
Сравнение (Collation) для таблицы &quot;b_sec_iprule_excl_mask&quot; (utf8_unicode_ci) отличается от значения для базы (utf8_general_ci)
Сравнение (Collation) для таблицы &quot;b_sec_iprule_incl_ip&quot; (utf8_unicode_ci) отличается от значения для базы (utf8_general_ci)
Сравнение (Collation) для таблицы &quot;b_sec_iprule_incl_mask&quot; (utf8_unicode_ci) отличается от значения для базы (utf8_general_ci)
Сравнение (Collation) для таблицы &quot;b_sec_redirect_url&quot; (utf8_unicode_ci) отличается от значения для базы (utf8_general_ci)
Сравнение (Collation) для таблицы &quot;b_sec_session&quot; (utf8_unicode_ci) отличается от значения для базы (utf8_general_ci)
Сравнение (Collation) для таблицы &quot;b_sec_user&quot; (utf8_unicode_ci) отличается от значения для базы (utf8_general_ci)
Сравнение (Collation) для таблицы &quot;b_sec_virus&quot; (utf8_unicode_ci) отличается от значения для базы (utf8_general_ci)
Сравнение (Collation) для таблицы &quot;b_sec_white_list&quot; (utf8_unicode_ci) отличается от значения для базы (utf8_general_ci)
Сравнение (Collation) для таблицы &quot;b_seo_keywords&quot; (utf8_unicode_ci) отличается от значения для базы (utf8_general_ci)
Сравнение (Collation) для таблицы &quot;b_site_template&quot; (utf8_unicode_ci) отличается от значения для базы (utf8_general_ci)
Сравнение (Collation) для таблицы &quot;b_subscription&quot; (utf8_unicode_ci) отличается от значения для базы (utf8_general_ci)
Сравнение (Collation) для таблицы &quot;b_subscription_rubric&quot; (utf8_unicode_ci) отличается от значения для базы (utf8_general_ci)
Сравнение (Collation) для таблицы &quot;b_task&quot; (utf8_unicode_ci) отличается от значения для базы (utf8_general_ci)
Сравнение (Collation) для таблицы &quot;b_task_operation&quot; (utf8_unicode_ci) отличается от значения для базы (utf8_general_ci)
Сравнение (Collation) для таблицы &quot;b_user&quot; (utf8_unicode_ci) отличается от значения для базы (utf8_general_ci)
Сравнение (Collation) для таблицы &quot;b_user_field&quot; (utf8_unicode_ci) отличается от значения для базы (utf8_general_ci)
Сравнение (Collation) для таблицы &quot;b_user_field_enum&quot; (utf8_unicode_ci) отличается от значения для базы (utf8_general_ci)
Сравнение (Collation) для таблицы &quot;b_user_field_lang&quot; (utf8_unicode_ci) отличается от значения для базы (utf8_general_ci)
Сравнение (Collation) для таблицы &quot;b_user_group&quot; (utf8_unicode_ci) отличается от значения для базы (utf8_general_ci)
Сравнение (Collation) для таблицы &quot;b_user_option&quot; (utf8_unicode_ci) отличается от значения для базы (utf8_general_ci)
Сравнение (Collation) для таблицы &quot;b_user_stored_auth&quot; (utf8_unicode_ci) отличается от значения для базы (utf8_general_ci)
Сравнение (Collation) для таблицы &quot;b_utm_iblock_6_section&quot; (utf8_unicode_ci) отличается от значения для базы (utf8_general_ci)
Сравнение (Collation) для таблицы &quot;b_uts_iblock_6_section&quot; (utf8_unicode_ci) отличается от значения для базы (utf8_general_ci)

